12:35:43.221 Checking updates...
12:35:43.864 # Specification Heading
12:35:43.865 ## Vowel counts in single word
12:35:43.866 * Vowels in English language are "aeiou".

12:35:43.876 * The word "gauge" has "3" vowels.

12:35:43.879 ## Vowel counts in multiple word
12:35:43.880 * Vowels in English language are "aeiou".

12:35:43.881 * Almost all words have vowels 

     |Word  |Vowel Count|
     |------|-----------|
     |Gauge |3          |
     |Mingle|2          |
     |Snap  |1          |
     |GoCD  |1          |
     |Rhythm|0          |
12:35:45.113 Plugin [Html Report] with pid [3155] has exited
12:35:45.215 Specifications:	1 executed	1 passed	0 failed	0 skipped
12:35:45.216 Scenarios:	2 executed	2 passed	0 failed	0 skipped
12:35:45.216 
Total time taken: 61ms
12:35:45.216 Updates are available. Run gauge --check-updates for more info.
14:09:20.338 Got a kill message. Killing runner.
14:21:38.548 Checking updates...
14:21:43.429 # Specification Heading
14:21:43.430 ## Google Navigate
14:21:43.430 * Vowels in English language are "aeiou".

14:21:43.437 * Navigate to google
14:21:44.018 
Failed Step: Navigate to google
14:21:44.018 Specification: specs/example.spec:39
14:21:44.018 Error Message: org.openqa.selenium.WebDriverException: f.QueryInterface is not a function
Command duration or timeout: 9 milliseconds
Build info: version: '2.48.1', revision: 'd80083d8f7b0b0319976ef9712f7a2b531abaceb', time: '2015-10-08 14:16:53'
System info: host: 'in-atmaramnaik.local', ip: '127.0.0.1', os.name: 'Mac OS X', os.arch: 'x86_64', os.version: '10.12.3', java.version: '1.8.0_101'
Driver info: org.openqa.selenium.firefox.FirefoxDriver
Capabilities [{applicationCacheEnabled=true, rotatable=false, handlesAlerts=true, databaseEnabled=true, version=40.0, platform=MAC, nativeEvents=false, acceptSslCerts=true, webStorageEnabled=true, locationContextEnabled=true, browserName=firefox, takesScreenshot=true, javascriptEnabled=true, cssSelectorsEnabled=true}]
Session ID: 039c1dbb-c5a5-1a4d-8db5-5ec752e7bce2
14:21:44.018 Stacktrace: 
sun.reflect.NativeConstructorAccessorImpl.newInstance0(Native Method)
sun.reflect.NativeConstructorAccessorImpl.newInstance(NativeConstructorAccessorImpl.java:62)
sun.reflect.DelegatingConstructorAccessorImpl.newInstance(DelegatingConstructorAccessorImpl.java:45)
java.lang.reflect.Constructor.newInstance(Constructor.java:423)
org.openqa.selenium.remote.ErrorHandler.createThrowable(ErrorHandler.java:206)
org.openqa.selenium.remote.ErrorHandler.throwIfResponseFailed(ErrorHandler.java:158)
org.openqa.selenium.remote.RemoteWebDriver.execute(RemoteWebDriver.java:647)
org.openqa.selenium.remote.RemoteWebDriver.get(RemoteWebDriver.java:311)
org.openqa.selenium.remote.RemoteWebDriver$RemoteNavigation.to(RemoteWebDriver.java:927)
GoogleHomePage.navigate(GoogleHomePage.java:6)
StepImplementation.navigateToGoogle(StepImplementation.java:50)
sun.reflect.NativeMethodAccessorImpl.invoke0(Native Method)
sun.reflect.NativeMethodAccessorImpl.invoke(NativeMethodAccessorImpl.java:62)
sun.reflect.DelegatingMethodAccessorImpl.invoke(DelegatingMethodAccessorImpl.java:43)
java.lang.reflect.Method.invoke(Method.java:498)
com.thoughtworks.gauge.execution.MethodExecutor.execute(MethodExecutor.java:32)
com.thoughtworks.gauge.execution.StepExecutionStage.executeStepMethod(StepExecutionStage.java:114)
com.thoughtworks.gauge.execution.StepExecutionStage.executeStep(StepExecutionStage.java:81)
com.thoughtworks.gauge.execution.StepExecutionStage.execute(StepExecutionStage.java:62)
com.thoughtworks.gauge.execution.AbstractExecutionStage.executeNext(AbstractExecutionStage.java:24)
com.thoughtworks.gauge.execution.HookExecutionStage.execute(HookExecutionStage.java:42)
com.thoughtworks.gauge.execution.ExecutionPipeline.start(ExecutionPipeline.java:31)
com.thoughtworks.gauge.processor.ExecuteStepProcessor.process(ExecuteStepProcessor.java:34)
com.thoughtworks.gauge.connection.MessageDispatcher.dispatchMessages(MessageDispatcher.java:72)
com.thoughtworks.gauge.GaugeRuntime.main(GaugeRuntime.java:37)
14:21:44.194 Plugin [Html Report] with pid [11165] has exited
14:21:44.714 Specifications:	1 executed	0 passed	1 failed	0 skipped
14:21:44.714 Scenarios:	1 executed	0 passed	1 failed	0 skipped
14:21:44.714 
Total time taken: 3.762s
14:21:44.714 Updates are available. Run gauge --check-updates for more info.
14:22:24.943 Checking updates...
14:22:29.093 # Specification Heading
14:22:29.094 ## Google Navigate
14:22:29.094 * Vowels in English language are "aeiou".

14:22:29.101 * Navigate to google
14:22:29.484 
Failed Step: Navigate to google
14:22:29.484 Specification: specs/example.spec:39
14:22:29.484 Error Message: org.openqa.selenium.WebDriverException: f.QueryInterface is not a function
Command duration or timeout: 7 milliseconds
Build info: version: '2.48.1', revision: 'd80083d8f7b0b0319976ef9712f7a2b531abaceb', time: '2015-10-08 14:16:53'
System info: host: 'in-atmaramnaik.local', ip: '127.0.0.1', os.name: 'Mac OS X', os.arch: 'x86_64', os.version: '10.12.3', java.version: '1.8.0_101'
Driver info: org.openqa.selenium.firefox.FirefoxDriver
Capabilities [{applicationCacheEnabled=true, rotatable=false, handlesAlerts=true, databaseEnabled=true, version=40.0, platform=MAC, nativeEvents=false, acceptSslCerts=true, webStorageEnabled=true, locationContextEnabled=true, browserName=firefox, takesScreenshot=true, javascriptEnabled=true, cssSelectorsEnabled=true}]
Session ID: b4ce8e97-76cc-4e49-8fef-e315979d3f21
14:22:29.484 Stacktrace: 
sun.reflect.NativeConstructorAccessorImpl.newInstance0(Native Method)
sun.reflect.NativeConstructorAccessorImpl.newInstance(NativeConstructorAccessorImpl.java:62)
sun.reflect.DelegatingConstructorAccessorImpl.newInstance(DelegatingConstructorAccessorImpl.java:45)
java.lang.reflect.Constructor.newInstance(Constructor.java:423)
org.openqa.selenium.remote.ErrorHandler.createThrowable(ErrorHandler.java:206)
org.openqa.selenium.remote.ErrorHandler.throwIfResponseFailed(ErrorHandler.java:158)
org.openqa.selenium.remote.RemoteWebDriver.execute(RemoteWebDriver.java:647)
org.openqa.selenium.remote.RemoteWebDriver.get(RemoteWebDriver.java:311)
org.openqa.selenium.remote.RemoteWebDriver$RemoteNavigation.to(RemoteWebDriver.java:927)
GoogleHomePage.navigate(GoogleHomePage.java:6)
StepImplementation.navigateToGoogle(StepImplementation.java:50)
sun.reflect.NativeMethodAccessorImpl.invoke0(Native Method)
sun.reflect.NativeMethodAccessorImpl.invoke(NativeMethodAccessorImpl.java:62)
sun.reflect.DelegatingMethodAccessorImpl.invoke(DelegatingMethodAccessorImpl.java:43)
java.lang.reflect.Method.invoke(Method.java:498)
com.thoughtworks.gauge.execution.MethodExecutor.execute(MethodExecutor.java:32)
com.thoughtworks.gauge.execution.StepExecutionStage.executeStepMethod(StepExecutionStage.java:114)
com.thoughtworks.gauge.execution.StepExecutionStage.executeStep(StepExecutionStage.java:81)
com.thoughtworks.gauge.execution.StepExecutionStage.execute(StepExecutionStage.java:62)
com.thoughtworks.gauge.execution.AbstractExecutionStage.executeNext(AbstractExecutionStage.java:24)
com.thoughtworks.gauge.execution.HookExecutionStage.execute(HookExecutionStage.java:42)
com.thoughtworks.gauge.execution.ExecutionPipeline.start(ExecutionPipeline.java:31)
com.thoughtworks.gauge.processor.ExecuteStepProcessor.process(ExecuteStepProcessor.java:34)
com.thoughtworks.gauge.connection.MessageDispatcher.dispatchMessages(MessageDispatcher.java:72)
com.thoughtworks.gauge.GaugeRuntime.main(GaugeRuntime.java:37)
14:22:29.657 Plugin [Html Report] with pid [11231] has exited
14:22:29.861 Specifications:	1 executed	0 passed	1 failed	0 skipped
14:22:29.862 Scenarios:	1 executed	0 passed	1 failed	0 skipped
14:22:29.862 
Total time taken: 2.445s
14:22:29.862 Updates are available. Run gauge --check-updates for more info.
14:23:11.528 Checking updates...
14:23:15.852 # Specification Heading
14:23:15.852 ## Google Navigate
14:23:15.853 * Vowels in English language are "aeiou".

14:23:15.859 * Navigate to google
14:23:16.245 
Failed Step: Navigate to google
14:23:16.245 Specification: specs/example.spec:39
14:23:16.245 Error Message: org.openqa.selenium.WebDriverException: f.QueryInterface is not a function
Command duration or timeout: 6 milliseconds
Build info: version: '2.48.1', revision: 'd80083d8f7b0b0319976ef9712f7a2b531abaceb', time: '2015-10-08 14:16:53'
System info: host: 'in-atmaramnaik.local', ip: '127.0.0.1', os.name: 'Mac OS X', os.arch: 'x86_64', os.version: '10.12.3', java.version: '1.8.0_101'
Driver info: org.openqa.selenium.firefox.FirefoxDriver
Capabilities [{applicationCacheEnabled=true, rotatable=false, handlesAlerts=true, databaseEnabled=true, version=40.0, platform=MAC, nativeEvents=false, acceptSslCerts=true, webStorageEnabled=true, locationContextEnabled=true, browserName=firefox, takesScreenshot=true, javascriptEnabled=true, cssSelectorsEnabled=true}]
Session ID: 296ad402-7ed9-b449-b34c-552827601cdf
14:23:16.245 Stacktrace: 
sun.reflect.NativeConstructorAccessorImpl.newInstance0(Native Method)
sun.reflect.NativeConstructorAccessorImpl.newInstance(NativeConstructorAccessorImpl.java:62)
sun.reflect.DelegatingConstructorAccessorImpl.newInstance(DelegatingConstructorAccessorImpl.java:45)
java.lang.reflect.Constructor.newInstance(Constructor.java:423)
org.openqa.selenium.remote.ErrorHandler.createThrowable(ErrorHandler.java:206)
org.openqa.selenium.remote.ErrorHandler.throwIfResponseFailed(ErrorHandler.java:158)
org.openqa.selenium.remote.RemoteWebDriver.execute(RemoteWebDriver.java:647)
org.openqa.selenium.remote.RemoteWebDriver.get(RemoteWebDriver.java:311)
org.openqa.selenium.remote.RemoteWebDriver$RemoteNavigation.to(RemoteWebDriver.java:927)
GoogleHomePage.navigate(GoogleHomePage.java:6)
StepImplementation.navigateToGoogle(StepImplementation.java:50)
sun.reflect.NativeMethodAccessorImpl.invoke0(Native Method)
sun.reflect.NativeMethodAccessorImpl.invoke(NativeMethodAccessorImpl.java:62)
sun.reflect.DelegatingMethodAccessorImpl.invoke(DelegatingMethodAccessorImpl.java:43)
java.lang.reflect.Method.invoke(Method.java:498)
com.thoughtworks.gauge.execution.MethodExecutor.execute(MethodExecutor.java:32)
com.thoughtworks.gauge.execution.StepExecutionStage.executeStepMethod(StepExecutionStage.java:114)
com.thoughtworks.gauge.execution.StepExecutionStage.executeStep(StepExecutionStage.java:81)
com.thoughtworks.gauge.execution.StepExecutionStage.execute(StepExecutionStage.java:62)
com.thoughtworks.gauge.execution.AbstractExecutionStage.executeNext(AbstractExecutionStage.java:24)
com.thoughtworks.gauge.execution.HookExecutionStage.execute(HookExecutionStage.java:42)
com.thoughtworks.gauge.execution.ExecutionPipeline.start(ExecutionPipeline.java:31)
com.thoughtworks.gauge.processor.ExecuteStepProcessor.process(ExecuteStepProcessor.java:34)
com.thoughtworks.gauge.connection.MessageDispatcher.dispatchMessages(MessageDispatcher.java:72)
com.thoughtworks.gauge.GaugeRuntime.main(GaugeRuntime.java:37)
14:23:16.422 Plugin [Html Report] with pid [11348] has exited
14:23:16.634 Specifications:	1 executed	0 passed	1 failed	0 skipped
14:23:16.634 Scenarios:	1 executed	0 passed	1 failed	0 skipped
14:23:16.634 
Total time taken: 2.438s
14:23:16.634 Updates are available. Run gauge --check-updates for more info.
14:24:03.037 Checking updates...
14:24:06.490 # Specification Heading
14:24:06.491 ## Google Navigate
14:24:06.492 * Vowels in English language are "aeiou".

14:24:06.498 * Navigate to google
14:24:07.001 
Failed Step: Navigate to google
14:24:07.001 Specification: specs/example.spec:39
14:24:07.001 Error Message: org.openqa.selenium.WebDriverException: unknown error: unhandled inspector error: {"code":-32000,"message":"Cannot navigate to invalid URL"}
  (Session info: chrome=57.0.2987.133)
  (Driver info: chromedriver=2.27.440174 (e97a722caafc2d3a8b807ee115bfb307f7d2cfd9),platform=Mac OS X 10.12.3 x86_64) (WARNING: The server did not provide any stacktrace information)
Command duration or timeout: 6 milliseconds
Build info: version: '2.48.1', revision: 'd80083d8f7b0b0319976ef9712f7a2b531abaceb', time: '2015-10-08 14:16:53'
System info: host: 'in-atmaramnaik.local', ip: '127.0.0.1', os.name: 'Mac OS X', os.arch: 'x86_64', os.version: '10.12.3', java.version: '1.8.0_101'
Driver info: org.openqa.selenium.chrome.ChromeDriver
Capabilities [{applicationCacheEnabled=false, rotatable=false, mobileEmulationEnabled=false, networkConnectionEnabled=false, chrome={chromedriverVersion=2.27.440174 (e97a722caafc2d3a8b807ee115bfb307f7d2cfd9), userDataDir=/var/folders/1d/x99ffcb9711gwrd81cn6c6br0000gn/T/.org.chromium.Chromium.2oztX1}, takesHeapSnapshot=true, pageLoadStrategy=normal, databaseEnabled=false, handlesAlerts=true, hasTouchScreen=false, version=57.0.2987.133, platform=MAC, browserConnectionEnabled=false, nativeEvents=true, acceptSslCerts=true, locationContextEnabled=true, webStorageEnabled=true, browserName=chrome, takesScreenshot=true, javascriptEnabled=true, cssSelectorsEnabled=true, unexpectedAlertBehaviour=}]
Session ID: bc2ba0e70eee600bb7c985f294ddbc06
14:24:07.001 Stacktrace: 
sun.reflect.NativeConstructorAccessorImpl.newInstance0(Native Method)
sun.reflect.NativeConstructorAccessorImpl.newInstance(NativeConstructorAccessorImpl.java:62)
sun.reflect.DelegatingConstructorAccessorImpl.newInstance(DelegatingConstructorAccessorImpl.java:45)
java.lang.reflect.Constructor.newInstance(Constructor.java:423)
org.openqa.selenium.remote.ErrorHandler.createThrowable(ErrorHandler.java:206)
org.openqa.selenium.remote.ErrorHandler.throwIfResponseFailed(ErrorHandler.java:158)
org.openqa.selenium.remote.RemoteWebDriver.execute(RemoteWebDriver.java:647)
org.openqa.selenium.remote.RemoteWebDriver.get(RemoteWebDriver.java:311)
org.openqa.selenium.remote.RemoteWebDriver$RemoteNavigation.to(RemoteWebDriver.java:927)
GoogleHomePage.navigate(GoogleHomePage.java:6)
StepImplementation.navigateToGoogle(StepImplementation.java:50)
sun.reflect.NativeMethodAccessorImpl.invoke0(Native Method)
sun.reflect.NativeMethodAccessorImpl.invoke(NativeMethodAccessorImpl.java:62)
sun.reflect.DelegatingMethodAccessorImpl.invoke(DelegatingMethodAccessorImpl.java:43)
java.lang.reflect.Method.invoke(Method.java:498)
com.thoughtworks.gauge.execution.MethodExecutor.execute(MethodExecutor.java:32)
com.thoughtworks.gauge.execution.StepExecutionStage.executeStepMethod(StepExecutionStage.java:114)
com.thoughtworks.gauge.execution.StepExecutionStage.executeStep(StepExecutionStage.java:81)
com.thoughtworks.gauge.execution.StepExecutionStage.execute(StepExecutionStage.java:62)
com.thoughtworks.gauge.execution.AbstractExecutionStage.executeNext(AbstractExecutionStage.java:24)
com.thoughtworks.gauge.execution.HookExecutionStage.execute(HookExecutionStage.java:42)
com.thoughtworks.gauge.execution.ExecutionPipeline.start(ExecutionPipeline.java:31)
com.thoughtworks.gauge.processor.ExecuteStepProcessor.process(ExecuteStepProcessor.java:34)
com.thoughtworks.gauge.connection.MessageDispatcher.dispatchMessages(MessageDispatcher.java:72)
com.thoughtworks.gauge.GaugeRuntime.main(GaugeRuntime.java:37)
14:24:07.674 Plugin [Html Report] with pid [11412] has exited
14:24:07.881 Specifications:	1 executed	0 passed	1 failed	0 skipped
14:24:07.881 Scenarios:	1 executed	0 passed	1 failed	0 skipped
14:24:07.881 
Total time taken: 2.638s
14:24:07.881 Updates are available. Run gauge --check-updates for more info.
14:24:58.028 Checking updates...
14:25:01.238 # Specification Heading
14:25:01.238 ## Google Navigate
14:25:01.239 * Vowels in English language are "aeiou".

14:25:01.245 * Navigate to google
14:25:06.180 Plugin [Html Report] with pid [11475] has exited
14:25:06.281 Specifications:	1 executed	1 passed	0 failed	0 skipped
14:25:06.281 Scenarios:	1 executed	1 passed	0 failed	0 skipped
14:25:06.281 
Total time taken: 6.142s
14:25:06.281 Updates are available. Run gauge --check-updates for more info.
14:33:13.198 Got a kill message. Killing runner.
14:35:42.585 Got a kill message. Killing runner.
14:40:33.985 Checking updates...
14:40:37.354 # Specification Heading
14:40:37.354 ## Vowel counts in single word
14:40:37.355 * Vowels in English language are "aeiou".

14:40:37.361 * The word "gauge" has "3" vowels.

14:40:37.364 ## Vowel counts in multiple word
14:40:37.365 * Vowels in English language are "aeiou".

14:40:37.366 * Almost all words have vowels 

     |Word  |Vowel Count|
     |------|-----------|
     |Gauge |3          |
     |Mingle|2          |
     |Snap  |1          |
     |GoCD  |1          |
     |Rhythm|0          |
14:40:37.367 ## Google Navigate
14:40:37.368 * Vowels in English language are "aeiou".

14:40:37.368 * Navigate to google
14:40:40.674 Plugin [Html Report] with pid [12732] has exited
14:40:40.674 Specifications:	1 executed	1 passed	0 failed	0 skipped
14:40:40.674 Scenarios:	3 executed	3 passed	0 failed	0 skipped
14:40:40.674 
Total time taken: 4.551s
14:40:40.674 Updates are available. Run gauge --check-updates for more info.
